<?xml version="1.0" encoding="UTF-8"?>
<!-- Generated by org.testng.reporters.JUnitXMLReporter -->
<testsuite ignored="0" hostname="DESKTOP-RPIGOGL" failures="1" tests="4" name="Test-1" time="151.137" errors="0" timestamp="30 Oct 2022 14:20:18 GMT">
  <testcase classname="com.facebook.stepdefaniton.SmartWatches" name="method1" time="7.468"/>
  <testcase classname="com.facebook.stepdefaniton.SmartWatches" name="method2" time="8.55"/>
  <testcase classname="com.facebook.stepdefaniton.SmartWatches" name="method3" time="2.574">
    <skipped/>
  </testcase> <!-- method3 -->
  <testcase classname="com.facebook.stepdefaniton.SmartWatches" name="method3" time="7.698">
    <failure type="java.lang.AssertionError" message="expected [paul] but found [jaya]">
      <![CDATA[java.lang.AssertionError: expected [paul] but found [jaya]
at com.facebook.stepdefaniton.SmartWatches.method3(SmartWatches.java:87)
... Removed 31 stack frames]]>
    </failure>
  </testcase> <!-- method3 -->
</testsuite> <!-- Test-1 -->
